Started GET "/" for 127.0.0.1 at 2017-11-09 19:15:45 +0100
  
ActionController::RoutingError (uninitialized constant MoviessController):
  
activesupport (5.1.4) lib/active_support/inflector/methods.rb:269:in `const_get'
activesupport (5.1.4) lib/active_support/inflector/methods.rb:269:in `block in constantize'
activesupport (5.1.4) lib/active_support/inflector/methods.rb:267:in `each'
activesupport (5.1.4) lib/active_support/inflector/methods.rb:267:in `inject'
activesupport (5.1.4) lib/active_support/inflector/methods.rb:267:in `constantize'
actionpack (5.1.4) lib/action_dispatch/http/request.rb:85:in `controller_class_for'
actionpack (5.1.4) lib/action_dispatch/http/request.rb:78:in `controller_class'
actionpack (5.1.4) lib/action_dispatch/routing/route_set.rb:43:in `controller'
actionpack (5.1.4) lib/action_dispatch/routing/route_set.rb:29:in `serve'
actionpack (5.1.4) lib/action_dispatch/journey/router.rb:50:in `block in serve'
actionpack (5.1.4) lib/action_dispatch/journey/router.rb:33:in `each'
actionpack (5.1.4) lib/action_dispatch/journey/router.rb:33:in `serve'
actionpack (5.1.4) lib/action_dispatch/routing/route_set.rb:834:in `call'
rack (2.0.3) lib/rack/etag.rb:25:in `call'
rack (2.0.3) lib/rack/conditional_get.rb:25:in `call'
rack (2.0.3) lib/rack/head.rb:12:in `call'
rack (2.0.3) lib/rack/session/abstract/id.rb:232:in `context'
rack (2.0.3) lib/rack/session/abstract/id.rb:226:in `call'
actionpack (5.1.4) lib/action_dispatch/middleware/cookies.rb:613:in `call'
activerecord (5.1.4) lib/active_record/migration.rb:556:in `call'
actionpack (5.1.4) lib/action_dispatch/middleware/callbacks.rb:26:in `block in call'
activesupport (5.1.4) lib/active_support/callbacks.rb:97:in `run_callbacks'
actionpack (5.1.4) lib/action_dispatch/middleware/callbacks.rb:24:in `call'
actionpack (5.1.4) lib/action_dispatch/middleware/executor.rb:12:in `call'
actionpack (5.1.4) lib/action_dispatch/middleware/debug_exceptions.rb:59:in `call'
web-console (3.5.1) lib/web_console/middleware.rb:135:in `call_app'
web-console (3.5.1) lib/web_console/middleware.rb:28:in `block in call'
web-console (3.5.1) lib/web_console/middleware.rb:18:in `catch'
web-console (3.5.1) lib/web_console/middleware.rb:18:in `call'
actionpack (5.1.4) lib/action_dispatch/middleware/show_exceptions.rb:31:in `call'
railties (5.1.4) lib/rails/rack/logger.rb:36:in `call_app'
railties (5.1.4) lib/rails/rack/logger.rb:24:in `block in call'
activesupport (5.1.4) lib/active_support/tagged_logging.rb:69:in `block in tagged'
activesupport (5.1.4) lib/active_support/tagged_logging.rb:26:in `tagged'
activesupport (5.1.4) lib/active_support/tagged_logging.rb:69:in `tagged'
railties (5.1.4) lib/rails/rack/logger.rb:24:in `call'
sprockets-rails (3.2.1) lib/sprockets/rails/quiet_assets.rb:13:in `call'
actionpack (5.1.4) lib/action_dispatch/middleware/remote_ip.rb:79:in `call'
actionpack (5.1.4) lib/action_dispatch/middleware/request_id.rb:25:in `call'
rack (2.0.3) lib/rack/method_override.rb:22:in `call'
rack (2.0.3) lib/rack/runtime.rb:22:in `call'
activesupport (5.1.4) lib/active_support/cache/strategy/local_cache_middleware.rb:27:in `call'
actionpack (5.1.4) lib/action_dispatch/middleware/executor.rb:12:in `call'
actionpack (5.1.4) lib/action_dispatch/middleware/static.rb:125:in `call'
rack (2.0.3) lib/rack/sendfile.rb:111:in `call'
railties (5.1.4) lib/rails/engine.rb:522:in `call'
puma (3.10.0) lib/puma/configuration.rb:225:in `call'
puma (3.10.0) lib/puma/server.rb:605:in `handle_request'
puma (3.10.0) lib/puma/server.rb:437:in `process_client'
puma (3.10.0) lib/puma/server.rb:301:in `block in run'
puma (3.10.0) lib/puma/thread_pool.rb:120:in `block in spawn_thread'
Started GET "/" for 127.0.0.1 at 2017-11-09 19:15:55 +0100
Processing by MoviesController#index as HTML
  Rendering movies/index.html.erb within layouts/application
  Rendered movies/index.html.erb within layouts/application (0.7ms)
Completed 200 OK in 625ms (Views: 457.5ms)


Started GET "/" for 127.0.0.1 at 2017-11-09 19:16:13 +0100
Processing by MoviesController#index as HTML
  Rendering movies/index.html.erb within layouts/application
  Rendered movies/index.html.erb within layouts/application (2.3ms)
Completed 500 Internal Server Error in 8ms


  
ActionView::Template::Error (First argument in form cannot contain nil or be empty):
    2: <h1>Events</h1>
    3: <div class="row">
    4:   <div class="col-md-6 col-md-offset-3">
    5:     <%= form_for(@event) do |f| %>
    6:       <%= f.label :movie %>
    7:       <%= f.email_field :movie %>
    8: 
  
app/views/movies/index.html.erb:5:in `_app_views_movies_index_html_erb__3067024879210349930_70183783815680'
Started GET "/" for 127.0.0.1 at 2017-11-09 19:16:24 +0100
Processing by MoviesController#index as HTML
  Rendering movies/index.html.erb within layouts/application
  Rendered movies/index.html.erb within layouts/application (2.4ms)
Completed 500 Internal Server Error in 9ms


  
ActionView::Template::Error (First argument in form cannot contain nil or be empty):
    2: <h1>Events</h1>
    3: <div class="row">
    4:   <div class="col-md-6 col-md-offset-3">
    5:     <%= form_for(@movie) do |f| %>
    6:       <%= f.label :movie %>
    7:       <%= f.email_field :movie %>
    8: 
  
app/views/movies/index.html.erb:5:in `_app_views_movies_index_html_erb__3067024879210349930_70183735274460'
Started GET "/" for 127.0.0.1 at 2017-11-09 19:17:28 +0100
Processing by MoviesController#index as HTML
  Rendering movies/index.html.erb within layouts/application
  Rendered movies/index.html.erb within layouts/application (2.1ms)
Completed 200 OK in 29ms (Views: 26.8ms)


Started POST "/" for 127.0.0.1 at 2017-11-09 19:17:30 +0100
  
ActionController::RoutingError (No route matches [POST] "/"):
  
actionpack (5.1.4) lib/action_dispatch/middleware/debug_exceptions.rb:63:in `call'
web-console (3.5.1) lib/web_console/middleware.rb:135:in `call_app'
web-console (3.5.1) lib/web_console/middleware.rb:28:in `block in call'
web-console (3.5.1) lib/web_console/middleware.rb:18:in `catch'
web-console (3.5.1) lib/web_console/middleware.rb:18:in `call'
actionpack (5.1.4) lib/action_dispatch/middleware/show_exceptions.rb:31:in `call'
railties (5.1.4) lib/rails/rack/logger.rb:36:in `call_app'
railties (5.1.4) lib/rails/rack/logger.rb:24:in `block in call'
activesupport (5.1.4) lib/active_support/tagged_logging.rb:69:in `block in tagged'
activesupport (5.1.4) lib/active_support/tagged_logging.rb:26:in `tagged'
activesupport (5.1.4) lib/active_support/tagged_logging.rb:69:in `tagged'
railties (5.1.4) lib/rails/rack/logger.rb:24:in `call'
sprockets-rails (3.2.1) lib/sprockets/rails/quiet_assets.rb:13:in `call'
actionpack (5.1.4) lib/action_dispatch/middleware/remote_ip.rb:79:in `call'
actionpack (5.1.4) lib/action_dispatch/middleware/request_id.rb:25:in `call'
rack (2.0.3) lib/rack/method_override.rb:22:in `call'
rack (2.0.3) lib/rack/runtime.rb:22:in `call'
activesupport (5.1.4) lib/active_support/cache/strategy/local_cache_middleware.rb:27:in `call'
actionpack (5.1.4) lib/action_dispatch/middleware/executor.rb:12:in `call'
actionpack (5.1.4) lib/action_dispatch/middleware/static.rb:125:in `call'
rack (2.0.3) lib/rack/sendfile.rb:111:in `call'
railties (5.1.4) lib/rails/engine.rb:522:in `call'
puma (3.10.0) lib/puma/configuration.rb:225:in `call'
puma (3.10.0) lib/puma/server.rb:605:in `handle_request'
puma (3.10.0) lib/puma/server.rb:437:in `process_client'
puma (3.10.0) lib/puma/server.rb:301:in `block in run'
puma (3.10.0) lib/puma/thread_pool.rb:120:in `block in spawn_thread'
Started POST "/" for 127.0.0.1 at 2017-11-09 19:18:08 +0100
  
ActionController::RoutingError (No route matches [POST] "/"):
  
actionpack (5.1.4) lib/action_dispatch/middleware/debug_exceptions.rb:63:in `call'
web-console (3.5.1) lib/web_console/middleware.rb:135:in `call_app'
web-console (3.5.1) lib/web_console/middleware.rb:28:in `block in call'
web-console (3.5.1) lib/web_console/middleware.rb:18:in `catch'
web-console (3.5.1) lib/web_console/middleware.rb:18:in `call'
actionpack (5.1.4) lib/action_dispatch/middleware/show_exceptions.rb:31:in `call'
railties (5.1.4) lib/rails/rack/logger.rb:36:in `call_app'
railties (5.1.4) lib/rails/rack/logger.rb:24:in `block in call'
activesupport (5.1.4) lib/active_support/tagged_logging.rb:69:in `block in tagged'
activesupport (5.1.4) lib/active_support/tagged_logging.rb:26:in `tagged'
activesupport (5.1.4) lib/active_support/tagged_logging.rb:69:in `tagged'
railties (5.1.4) lib/rails/rack/logger.rb:24:in `call'
sprockets-rails (3.2.1) lib/sprockets/rails/quiet_assets.rb:13:in `call'
actionpack (5.1.4) lib/action_dispatch/middleware/remote_ip.rb:79:in `call'
actionpack (5.1.4) lib/action_dispatch/middleware/request_id.rb:25:in `call'
rack (2.0.3) lib/rack/method_override.rb:22:in `call'
rack (2.0.3) lib/rack/runtime.rb:22:in `call'
activesupport (5.1.4) lib/active_support/cache/strategy/local_cache_middleware.rb:27:in `call'
actionpack (5.1.4) lib/action_dispatch/middleware/executor.rb:12:in `call'
actionpack (5.1.4) lib/action_dispatch/middleware/static.rb:125:in `call'
rack (2.0.3) lib/rack/sendfile.rb:111:in `call'
railties (5.1.4) lib/rails/engine.rb:522:in `call'
puma (3.10.0) lib/puma/configuration.rb:225:in `call'
puma (3.10.0) lib/puma/server.rb:605:in `handle_request'
puma (3.10.0) lib/puma/server.rb:437:in `process_client'
puma (3.10.0) lib/puma/server.rb:301:in `block in run'
puma (3.10.0) lib/puma/thread_pool.rb:120:in `block in spawn_thread'
Started GET "/" for 127.0.0.1 at 2017-11-09 19:18:47 +0100
Processing by MoviesController#index as HTML
  Rendering movies/index.html.erb within layouts/application
  Rendered movies/index.html.erb within layouts/application (1.1ms)
Completed 200 OK in 22ms (Views: 20.6ms)


Started POST "/" for 127.0.0.1 at 2017-11-09 19:18:48 +0100
  
ActionController::RoutingError (No route matches [POST] "/"):
  
actionpack (5.1.4) lib/action_dispatch/middleware/debug_exceptions.rb:63:in `call'
web-console (3.5.1) lib/web_console/middleware.rb:135:in `call_app'
web-console (3.5.1) lib/web_console/middleware.rb:28:in `block in call'
web-console (3.5.1) lib/web_console/middleware.rb:18:in `catch'
web-console (3.5.1) lib/web_console/middleware.rb:18:in `call'
actionpack (5.1.4) lib/action_dispatch/middleware/show_exceptions.rb:31:in `call'
railties (5.1.4) lib/rails/rack/logger.rb:36:in `call_app'
railties (5.1.4) lib/rails/rack/logger.rb:24:in `block in call'
activesupport (5.1.4) lib/active_support/tagged_logging.rb:69:in `block in tagged'
activesupport (5.1.4) lib/active_support/tagged_logging.rb:26:in `tagged'
activesupport (5.1.4) lib/active_support/tagged_logging.rb:69:in `tagged'
railties (5.1.4) lib/rails/rack/logger.rb:24:in `call'
sprockets-rails (3.2.1) lib/sprockets/rails/quiet_assets.rb:13:in `call'
actionpack (5.1.4) lib/action_dispatch/middleware/remote_ip.rb:79:in `call'
actionpack (5.1.4) lib/action_dispatch/middleware/request_id.rb:25:in `call'
rack (2.0.3) lib/rack/method_override.rb:22:in `call'
rack (2.0.3) lib/rack/runtime.rb:22:in `call'
activesupport (5.1.4) lib/active_support/cache/strategy/local_cache_middleware.rb:27:in `call'
actionpack (5.1.4) lib/action_dispatch/middleware/executor.rb:12:in `call'
actionpack (5.1.4) lib/action_dispatch/middleware/static.rb:125:in `call'
rack (2.0.3) lib/rack/sendfile.rb:111:in `call'
railties (5.1.4) lib/rails/engine.rb:522:in `call'
puma (3.10.0) lib/puma/configuration.rb:225:in `call'
puma (3.10.0) lib/puma/server.rb:605:in `handle_request'
puma (3.10.0) lib/puma/server.rb:437:in `process_client'
puma (3.10.0) lib/puma/server.rb:301:in `block in run'
puma (3.10.0) lib/puma/thread_pool.rb:120:in `block in spawn_thread'
Started GET "/" for 127.0.0.1 at 2017-11-09 19:20:02 +0100
Processing by MoviesController#index as HTML
  Rendering movies/index.html.erb within layouts/application
  Rendered movies/index.html.erb within layouts/application (1.1ms)
Completed 200 OK in 19ms (Views: 16.8ms)


Started GET "/movies/search" for 127.0.0.1 at 2017-11-09 19:20:03 +0100
Processing by MoviesController#search as HTML
  Rendering movies/search.html.erb within layouts/application
  Rendered movies/search.html.erb within layouts/application (2.6ms)
Completed 500 Internal Server Error in 13ms


  
ActionView::Template::Error (First argument in form cannot contain nil or be empty):
    2: <h1>Events</h1>
    3: <div class="row">
    4:   <div class="col-md-6 col-md-offset-3">
    5:     <%= form_for(@event) do |f| %>
    6:       <%= f.label :movie %>
    7:       <%= f.email_field :movie %>
    8: 
  
app/views/movies/search.html.erb:5:in `_app_views_movies_search_html_erb___4353540365531257209_70183764530760'
Started GET "/movies/search" for 127.0.0.1 at 2017-11-09 19:20:20 +0100
Processing by MoviesController#search as HTML
  Rendering movies/search.html.erb within layouts/application
  Rendered movies/search.html.erb within layouts/application (1.1ms)
Completed 200 OK in 22ms (Views: 19.9ms)


Started GET "/movies/search" for 127.0.0.1 at 2017-11-09 19:20:22 +0100
Processing by MoviesController#search as HTML
  Rendering movies/search.html.erb within layouts/application
  Rendered movies/search.html.erb within layouts/application (1.4ms)
Completed 200 OK in 27ms (Views: 24.1ms)


Started GET "/movies/search" for 127.0.0.1 at 2017-11-09 19:20:24 +0100
Processing by MoviesController#search as HTML
  Rendering movies/search.html.erb within layouts/application
  Rendered movies/search.html.erb within layouts/application (2.3ms)
Completed 200 OK in 36ms (Views: 32.9ms)


Started GET "/movies/search" for 127.0.0.1 at 2017-11-09 19:20:24 +0100
Processing by MoviesController#search as HTML
  Rendering movies/search.html.erb within layouts/application
  Rendered movies/search.html.erb within layouts/application (1.5ms)
Completed 200 OK in 30ms (Views: 26.9ms)


Started GET "/movies/search" for 127.0.0.1 at 2017-11-09 19:20:24 +0100
Processing by MoviesController#search as HTML
  Rendering movies/search.html.erb within layouts/application
  Rendered movies/search.html.erb within layouts/application (2.0ms)
Completed 200 OK in 29ms (Views: 25.7ms)


Started GET "/movies/search" for 127.0.0.1 at 2017-11-09 19:20:24 +0100
Processing by MoviesController#search as HTML
  Rendering movies/search.html.erb within layouts/application
  Rendered movies/search.html.erb within layouts/application (1.3ms)
Completed 200 OK in 33ms (Views: 29.6ms)


Started GET "/movies/search" for 127.0.0.1 at 2017-11-09 19:20:25 +0100
Processing by MoviesController#search as HTML
  Rendering movies/search.html.erb within layouts/application
  Rendered movies/search.html.erb within layouts/application (2.6ms)
Completed 200 OK in 31ms (Views: 28.6ms)


Started GET "/" for 127.0.0.1 at 2017-11-09 19:20:27 +0100
Processing by MoviesController#index as HTML
  Rendering movies/index.html.erb within layouts/application
  Rendered movies/index.html.erb within layouts/application (1.1ms)
Completed 200 OK in 21ms (Views: 19.4ms)


Started GET "/movies/search" for 127.0.0.1 at 2017-11-09 19:20:30 +0100
Processing by MoviesController#search as HTML
  Rendering movies/search.html.erb within layouts/application
  Rendered movies/search.html.erb within layouts/application (2.8ms)
Completed 200 OK in 33ms (Views: 27.4ms)


Started GET "/movies/search" for 127.0.0.1 at 2017-11-09 19:27:41 +0100
Processing by MoviesController#search as HTML
  Rendering movies/search.html.erb within layouts/application
  Rendered movies/search.html.erb within layouts/application (2.9ms)
Completed 200 OK in 35ms (Views: 30.7ms)


Started GET "/movies/search" for 127.0.0.1 at 2017-11-09 19:27:43 +0100
Processing by MoviesController#search as HTML
  Rendering movies/search.html.erb within layouts/application
  Rendered movies/search.html.erb within layouts/application (2.4ms)
Completed 200 OK in 28ms (Views: 25.0ms)


Started GET "/" for 127.0.0.1 at 2017-11-09 19:33:51 +0100
Processing by MoviesController#index as HTML
  Rendering movies/index.html.erb within layouts/application
  Rendered movies/index.html.erb within layouts/application (1.4ms)
Completed 200 OK in 20ms (Views: 17.8ms)


Started GET "/movies/search" for 127.0.0.1 at 2017-11-09 19:34:22 +0100
Processing by MoviesController#search as HTML
  Rendering movies/search.html.erb within layouts/application
  Rendered movies/search.html.erb within layouts/application (1.5ms)
Completed 200 OK in 27ms (Views: 22.1ms)


Started GET "/movies/search" for 127.0.0.1 at 2017-11-09 19:34:39 +0100
Processing by MoviesController#search as HTML
  Rendering movies/search.html.erb within layouts/application
  Rendered movies/search.html.erb within layouts/application (1.1ms)
Completed 200 OK in 30ms (Views: 25.4ms)


Started GET "/movies/search" for 127.0.0.1 at 2017-11-09 19:34:48 +0100
Processing by MoviesController#search as HTML
  Rendering movies/search.html.erb within layouts/application
  Rendered movies/search.html.erb within layouts/application (2.0ms)
Completed 200 OK in 31ms (Views: 23.8ms)


